<?xml version="1.0" encoding="UTF-8"?>
<!-- Generated by org.testng.reporters.JUnitReportReporter -->
<testsuite skipped="0" hostname="XVDT0253" name="dataproviders.DataProviderExcelData7" tests="6" failures="0" timestamp="17 Sep 2019 05:53:50 GMT" time="49.843" errors="0">
  <testcase name="tc_Login" time="15.519" classname="dataproviders.DataProviderExcelData7"/>
  <testcase name="tc_CreateVendor" time="7.364" classname="dataproviders.DataProviderExcelData7"/>
  <testcase name="tc_CreateVendor" time="6.911" classname="dataproviders.DataProviderExcelData7"/>
  <testcase name="tc_CreateVendor" time="6.991" classname="dataproviders.DataProviderExcelData7"/>
  <testcase name="tc_CreateVendor" time="6.509" classname="dataproviders.DataProviderExcelData7"/>
  <testcase name="tc_CreateVendor" time="6.549" classname="dataproviders.DataProviderExcelData7"/>
</testsuite> <!-- dataproviders.DataProviderExcelData7 -->
