<?xml version="1.0" encoding="UTF-8"?>
<!-- Generated by org.testng.reporters.JUnitReportReporter -->
<testsuite skipped="0" hostname="XVDT0253" name="dataprovidersdemo.DataProviderdemo1" tests="3" failures="0" timestamp="17 Sep 2019 09:35:13 GMT" time="0.016" errors="0">
  <testcase name="intanceDataProvider" time="0.000" classname="dataprovidersdemo.DataProviderdemo1"/>
  <testcase name="intanceDataProvider" time="0.016" classname="dataprovidersdemo.DataProviderdemo1"/>
  <testcase name="intanceDataProvider" time="0.000" classname="dataprovidersdemo.DataProviderdemo1"/>
</testsuite> <!-- dataprovidersdemo.DataProviderdemo1 -->
