<?xml version="1.0" encoding="UTF-8"?>
<!-- Generated by org.testng.reporters.JUnitReportReporter -->
<testsuite skipped="0" hostname="XVDT0253" name="dataprovidersdemo.Dataproviderdemo2" tests="3" failures="0" timestamp="17 Sep 2019 09:32:39 GMT" time="0.013" errors="0">
  <testcase name="intanceDataProvider" time="0.001" classname="dataprovidersdemo.Dataproviderdemo2"/>
  <testcase name="intanceDataProvider" time="0.002" classname="dataprovidersdemo.Dataproviderdemo2"/>
  <testcase name="intanceDataProvider" time="0.010" classname="dataprovidersdemo.Dataproviderdemo2"/>
</testsuite> <!-- dataprovidersdemo.Dataproviderdemo2 -->
