<?xml version="1.0" encoding="UTF-8"?>
<!-- Generated by org.testng.reporters.JUnitReportReporter -->
<testsuite skipped="0" hostname="XVDT0253" name="dataprovidersdemo.StaticDataProviderDemo1" tests="6" failures="0" timestamp="17 Sep 2019 10:31:31 GMT" time="0.031" errors="0">
  <testcase name="staticDataProvider1" time="0.016" classname="dataprovidersdemo.StaticDataProviderDemo1"/>
  <testcase name="staticDataProvider1" time="0.015" classname="dataprovidersdemo.StaticDataProviderDemo1"/>
  <testcase name="staticDataProvider2" time="0.000" classname="dataprovidersdemo.StaticDataProviderDemo1"/>
  <testcase name="staticDataProvider1" time="0.000" classname="dataprovidersdemo.StaticDataProviderDemo1"/>
  <testcase name="staticDataProvider2" time="0.000" classname="dataprovidersdemo.StaticDataProviderDemo1"/>
  <testcase name="staticDataProvider2" time="0.000" classname="dataprovidersdemo.StaticDataProviderDemo1"/>
</testsuite> <!-- dataprovidersdemo.StaticDataProviderDemo1 -->
