<?xml version="1.0" encoding="UTF-8"?>
<!-- Generated by org.testng.reporters.JUnitReportReporter -->
<testsuite skipped="0" hostname="XVDT0253" name="dataproviders.WorkingOnExcel" tests="5" failures="0" timestamp="18 Sep 2019 05:45:40 GMT" time="0.031" errors="0">
  <testcase name="tc_CreateVendor" time="0.000" classname="dataproviders.WorkingOnExcel"/>
  <testcase name="tc_CreateVendor" time="0.016" classname="dataproviders.WorkingOnExcel"/>
  <testcase name="tc_CreateVendor" time="0.000" classname="dataproviders.WorkingOnExcel"/>
  <testcase name="tc_CreateVendor" time="0.015" classname="dataproviders.WorkingOnExcel"/>
  <testcase name="tc_CreateVendor" time="0.000" classname="dataproviders.WorkingOnExcel"/>
</testsuite> <!-- dataproviders.WorkingOnExcel -->
