<?xml version="1.0" encoding="UTF-8"?>
<!-- Generated by org.testng.reporters.JUnitReportReporter -->
<testsuite skipped="0" hostname="Admin-PC" name="TestNGBasics.TestNGGroup" tests="3" failures="0" timestamp="2019-09-09T23:06:29 IST" time="0.019" errors="0">
  <testcase name="regGroup" time="0.003" classname="TestNGBasics.TestNGGroup"/>
  <testcase name="SanityGroup1" time="0.014" classname="TestNGBasics.TestNGGroup"/>
  <testcase name="regGroup1" time="0.002" classname="TestNGBasics.TestNGGroup"/>
</testsuite> <!-- TestNGBasics.TestNGGroup -->
