<?xml version="1.0" encoding="UTF-8"?>
<!-- Generated by org.testng.reporters.JUnitReportReporter -->
<testsuite skipped="0" hostname="Admin-PC" name="TestNGBasics.Demo1" tests="1" failures="0" timestamp="2019-09-07T10:32:44 IST" time="0.016" errors="0">
  <testcase name="method1" time="0.016" classname="TestNGBasics.Demo1"/>
</testsuite> <!-- TestNGBasics.Demo1 -->
