<?xml version="1.0" encoding="UTF-8"?>
<!-- Generated by org.testng.reporters.JUnitReportReporter -->
<testsuite skipped="0" hostname="XVDT0253" name="TestNGEx.FirstTestNG" tests="2" failures="0" timestamp="06 Sep 2019 05:09:18 GMT" time="0.010" errors="0">
  <testcase name="amethod2" time="0.002" classname="TestNGEx.FirstTestNG"/>
  <testcase name="amethod1" time="0.008" classname="TestNGEx.FirstTestNG"/>
</testsuite> <!-- TestNGEx.FirstTestNG -->
