<?xml version="1.0" encoding="UTF-8"?>
<!-- Generated by org.testng.reporters.JUnitReportReporter -->
<testsuite skipped="0" hostname="XVDT0253" name="TestNGEx.GroupTestNG" tests="2" failures="0" timestamp="06 Sep 2019 10:06:22 GMT" time="0.014" errors="0">
  <testcase name="method4" time="0.002" classname="TestNGEx.GroupTestNG"/>
  <testcase name="method3" time="0.012" classname="TestNGEx.GroupTestNG"/>
</testsuite> <!-- TestNGEx.GroupTestNG -->
